patching file `CREDITS'
patching file `MAINTAINERS'
patching file `Makefile'
patching file `arch/armnommu/Kconfig'
patching file `arch/armnommu/Makefile'
patching file `arch/armnommu/boot/Makefile'
patching file `arch/armnommu/boot/bootp/Makefile'
patching file `arch/armnommu/boot/bootp/bootp.lds'
patching file `arch/armnommu/boot/bootp/init.S'
patching file `arch/armnommu/boot/compressed/Makefile'
patching file `arch/armnommu/boot/compressed/head-s3c44b0.S'
patching file `arch/armnommu/boot/compressed/head-s5c7375.S'
patching file `arch/armnommu/boot/compressed/head.S'
patching file `arch/armnommu/boot/compressed/misc.c'
patching file `arch/armnommu/boot/compressed/vmlinux.lds.in'
patching file `arch/armnommu/configs/GDB_ARMulator_defconfig'
patching file `arch/armnommu/configs/atmel_defconfig'
patching file `arch/armnommu/configs/espd_4510b_defconfig'
patching file `arch/armnommu/configs/s3c3410_defconfig'
patching file `arch/armnommu/configs/s5c7375_defconfig'
patching file `arch/armnommu/defconfig'
patching file `arch/armnommu/kernel/Makefile'
patching file `arch/armnommu/kernel/armksyms.c'
patching file `arch/armnommu/kernel/asm-offsets.c'
patching file `arch/armnommu/kernel/calls.S'
patching file `arch/armnommu/kernel/entry-common.S'
patching file `arch/armnommu/kernel/entry.S'
patching file `arch/armnommu/kernel/head.S'
patching file `arch/armnommu/kernel/init_task.c'
patching file `arch/armnommu/kernel/module.c'
patching file `arch/armnommu/kernel/process.c'
patching file `arch/armnommu/kernel/setup.c'
patching file `arch/armnommu/kernel/sys_arm.c'
patching file `arch/armnommu/kernel/vmlinux.lds.S'
patching file `arch/armnommu/mach-atmel/Kconfig'
patching file `arch/armnommu/mach-atmel/Makefile'
patching file `arch/armnommu/mach-atmel/arch.c'
patching file `arch/armnommu/mach-atmel/entry-macro.S'
patching file `arch/armnommu/mach-atmel/head.S'
patching file `arch/armnommu/mach-atmel/irq.c'
patching file `arch/armnommu/mach-espd_4510b/Kconfig'
patching file `arch/armnommu/mach-espd_4510b/Makefile'
patching file `arch/armnommu/mach-espd_4510b/arch.c'
patching file `arch/armnommu/mach-espd_4510b/dma.c'
patching file `arch/armnommu/mach-espd_4510b/entry-macro.S'
patching file `arch/armnommu/mach-espd_4510b/head.S'
patching file `arch/armnommu/mach-espd_4510b/irq.c'
patching file `arch/armnommu/mach-espd_4510b/mm.c'
patching file `arch/armnommu/mach-s3c3410/Kconfig'
patching file `arch/armnommu/mach-s3c3410/Makefile'
patching file `arch/armnommu/mach-s3c3410/arch.c'
patching file `arch/armnommu/mach-s3c3410/dma.c'
patching file `arch/armnommu/mach-s3c3410/entry-macro.S'
patching file `arch/armnommu/mach-s3c3410/head.S'
patching file `arch/armnommu/mach-s3c3410/irq.c'
patching file `arch/armnommu/mach-s3c3410/mm.c'
patching file `arch/armnommu/mach-s3c44b0x/Kconfig'
patching file `arch/armnommu/mach-s3c44b0x/Makefile'
patching file `arch/armnommu/mach-s3c44b0x/arch.c'
patching file `arch/armnommu/mach-s3c44b0x/cache.S'
patching file `arch/armnommu/mach-s3c44b0x/dma.c'
patching file `arch/armnommu/mach-s3c44b0x/driver/Kconfig'
patching file `arch/armnommu/mach-s3c44b0x/driver/Makefile'
patching file `arch/armnommu/mach-s3c44b0x/driver/console.c'
patching file `arch/armnommu/mach-s3c44b0x/driver/led.c'
patching file `arch/armnommu/mach-s3c44b0x/driver/rtl8019.c'
patching file `arch/armnommu/mach-s3c44b0x/driver/rtl8019.h'
patching file `arch/armnommu/mach-s3c44b0x/entry-macro.S'
patching file `arch/armnommu/mach-s3c44b0x/head.S'
patching file `arch/armnommu/mach-s3c44b0x/irq.c'
patching file `arch/armnommu/mach-s3c44b0x/mm.c'
patching file `arch/armnommu/mach-s3c44b0x/time.c'
patching file `arch/armnommu/mach-s5c7375/Kconfig'
patching file `arch/armnommu/mach-s5c7375/Makefile'
patching file `arch/armnommu/mach-s5c7375/arch.c'
patching file `arch/armnommu/mach-s5c7375/dma.c'
patching file `arch/armnommu/mach-s5c7375/entry-macro.S'
patching file `arch/armnommu/mach-s5c7375/head.S'
patching file `arch/armnommu/mach-s5c7375/irq.c'
patching file `arch/armnommu/mm/Kconfig'
patching file `arch/armnommu/mm/Makefile'
patching file `arch/armnommu/mm/extable.c'
patching file `arch/armnommu/mm/fault-common.c'
patching file `arch/armnommu/mm/fault.c'
patching file `arch/armnommu/mm/fault.h'
patching file `arch/armnommu/mm/init.c'
patching file `arch/armnommu/mm/ioremap.c'
patching file `arch/armnommu/mm/mm.c'
patching file `arch/armnommu/mm/proc-arm1020.S'
patching file `arch/armnommu/mm/proc-arm1020e.S'
patching file `arch/armnommu/mm/proc-arm1022.S'
patching file `arch/armnommu/mm/proc-arm1026.S'
patching file `arch/armnommu/mm/proc-arm6_7.S'
patching file `arch/armnommu/mm/proc-arm720.S'
patching file `arch/armnommu/mm/proc-arm740.S'
patching file `arch/armnommu/mm/proc-arm920.S'
patching file `arch/armnommu/mm/proc-arm922.S'
patching file `arch/armnommu/mm/proc-arm925.S'
patching file `arch/armnommu/mm/proc-arm926.S'
patching file `arch/armnommu/mm/proc-arm940.S'
patching file `arch/armnommu/mm/proc-arm946.S'
patching file `arch/armnommu/mm/proc-macros.S'
patching file `arch/armnommu/mm/proc-s3c4510b.S'
patching file `arch/armnommu/mm/proc-syms.c'
patching file `drivers/mtd/maps/uclinux.c'
patching file `drivers/net/arm/Kconfig'
patching file `drivers/net/arm/Makefile'
patching file `drivers/net/arm/eth_s3c4510b.c'
patching file `drivers/net/arm/eth_s3c4510b.h'
patching file `drivers/serial/Kconfig'
patching file `drivers/serial/Makefile'
patching file `drivers/serial/serial_atmel.c'
patching file `drivers/serial/serial_atmel.h'
patching file `drivers/serial/serial_s3c4510b.c'
patching file `drivers/serial/t32.c'
patching file `include/asm-armnommu/a.out.h'
patching file `include/asm-armnommu/apm.h'
patching file `include/asm-armnommu/arch-atmel/at91x40.h'
patching file `include/asm-armnommu/arch-atmel/at91x63.h'
patching file `include/asm-armnommu/arch-atmel/dma.h'
patching file `include/asm-armnommu/arch-atmel/hardware.h'
patching file `include/asm-armnommu/arch-atmel/io.h'
patching file `include/asm-armnommu/arch-atmel/irq.h'
patching file `include/asm-armnommu/arch-atmel/irqs.h'
patching file `include/asm-armnommu/arch-atmel/keyboard.h'
patching file `include/asm-armnommu/arch-atmel/memory.h'
patching file `include/asm-armnommu/arch-atmel/param.h'
patching file `include/asm-armnommu/arch-atmel/sizes.h'
patching file `include/asm-armnommu/arch-atmel/system.h'
patching file `include/asm-armnommu/arch-atmel/time.h'
patching file `include/asm-armnommu/arch-atmel/timex.h'
patching file `include/asm-armnommu/arch-atmel/uncompress.h'
patching file `include/asm-armnommu/arch-atmel/vmalloc.h'
patching file `include/asm-armnommu/arch-espd_4510b/dma.h'
patching file `include/asm-armnommu/arch-espd_4510b/hardware.h'
patching file `include/asm-armnommu/arch-espd_4510b/io.h'
patching file `include/asm-armnommu/arch-espd_4510b/irq.h'
patching file `include/asm-armnommu/arch-espd_4510b/irqs.h'
patching file `include/asm-armnommu/arch-espd_4510b/keyboard.h'
patching file `include/asm-armnommu/arch-espd_4510b/memory.h'
patching file `include/asm-armnommu/arch-espd_4510b/param.h'
patching file `include/asm-armnommu/arch-espd_4510b/s3c4510b.h'
patching file `include/asm-armnommu/arch-espd_4510b/sizes.h'
patching file `include/asm-armnommu/arch-espd_4510b/system.h'
patching file `include/asm-armnommu/arch-espd_4510b/time.h'
patching file `include/asm-armnommu/arch-espd_4510b/timex.h'
patching file `include/asm-armnommu/arch-espd_4510b/uart.h'
patching file `include/asm-armnommu/arch-espd_4510b/vmalloc.h'
patching file `include/asm-armnommu/arch-s3c3410/dma.h'
patching file `include/asm-armnommu/arch-s3c3410/hardware.h'
patching file `include/asm-armnommu/arch-s3c3410/io.h'
patching file `include/asm-armnommu/arch-s3c3410/irq.h'
patching file `include/asm-armnommu/arch-s3c3410/irqs.h'
patching file `include/asm-armnommu/arch-s3c3410/keyboard.h'
patching file `include/asm-armnommu/arch-s3c3410/memory.h'
patching file `include/asm-armnommu/arch-s3c3410/param.h'
patching file `include/asm-armnommu/arch-s3c3410/s3c3410.h'
patching file `include/asm-armnommu/arch-s3c3410/sizes.h'
patching file `include/asm-armnommu/arch-s3c3410/system.h'
patching file `include/asm-armnommu/arch-s3c3410/time.h'
patching file `include/asm-armnommu/arch-s3c3410/timex.h'
patching file `include/asm-armnommu/arch-s3c3410/vmalloc.h'
patching file `include/asm-armnommu/arch-s3c44b0x/dma.h'
patching file `include/asm-armnommu/arch-s3c44b0x/hardware.h'
patching file `include/asm-armnommu/arch-s3c44b0x/io.h'
patching file `include/asm-armnommu/arch-s3c44b0x/irq.h'
patching file `include/asm-armnommu/arch-s3c44b0x/irqs.h'
patching file `include/asm-armnommu/arch-s3c44b0x/keyboard.h'
patching file `include/asm-armnommu/arch-s3c44b0x/memory.h'
patching file `include/asm-armnommu/arch-s3c44b0x/param.h'
patching file `include/asm-armnommu/arch-s3c44b0x/s3c44b0x.h'
patching file `include/asm-armnommu/arch-s3c44b0x/sizes.h'
patching file `include/asm-armnommu/arch-s3c44b0x/system.h'
patching file `include/asm-armnommu/arch-s3c44b0x/time.h'
patching file `include/asm-armnommu/arch-s3c44b0x/timex.h'
patching file `include/asm-armnommu/arch-s3c44b0x/uncompress.c'
patching file `include/asm-armnommu/arch-s3c44b0x/uncompress.h'
patching file `include/asm-armnommu/arch-s3c44b0x/vmalloc.h'
patching file `include/asm-armnommu/arch-s5c7375/blkmem.h'
patching file `include/asm-armnommu/arch-s5c7375/dma.h'
patching file `include/asm-armnommu/arch-s5c7375/hardware.h'
patching file `include/asm-armnommu/arch-s5c7375/io.h'
patching file `include/asm-armnommu/arch-s5c7375/irq.h'
patching file `include/asm-armnommu/arch-s5c7375/irqs.h'
patching file `include/asm-armnommu/arch-s5c7375/memory.h'
patching file `include/asm-armnommu/arch-s5c7375/param.h'
patching file `include/asm-armnommu/arch-s5c7375/s5c7375.h'
patching file `include/asm-armnommu/arch-s5c7375/sizes.h'
patching file `include/asm-armnommu/arch-s5c7375/system.h'
patching file `include/asm-armnommu/arch-s5c7375/time.h'
patching file `include/asm-armnommu/arch-s5c7375/timex.h'
patching file `include/asm-armnommu/arch-s5c7375/uncompress.h'
patching file `include/asm-armnommu/arch-s5c7375/vmalloc.h'
patching file `include/asm-armnommu/assembler.h'
patching file `include/asm-armnommu/atomic.h'
patching file `include/asm-armnommu/bitops.h'
patching file `include/asm-armnommu/bug.h'
patching file `include/asm-armnommu/bugs.h'
patching file `include/asm-armnommu/byteorder.h'
patching file `include/asm-armnommu/cache.h'
patching file `include/asm-armnommu/cacheflush.h'
patching file `include/asm-armnommu/checksum.h'
patching file `include/asm-armnommu/cpu-multi32.h'
patching file `include/asm-armnommu/cpu-single.h'
patching file `include/asm-armnommu/cpumask.h'
patching file `include/asm-armnommu/current.h'
patching file `include/asm-armnommu/delay.h'
patching file `include/asm-armnommu/div64.h'
patching file `include/asm-armnommu/dma-mapping.h'
patching file `include/asm-armnommu/dma.h'
patching file `include/asm-armnommu/domain.h'
patching file `include/asm-armnommu/ecard.h'
patching file `include/asm-armnommu/elf.h'
patching file `include/asm-armnommu/errno.h'
patching file `include/asm-armnommu/fcntl.h'
patching file `include/asm-armnommu/fiq.h'
patching file `include/asm-armnommu/flat.h'
patching file `include/asm-armnommu/floppy.h'
patching file `include/asm-armnommu/fpstate.h'
patching file `include/asm-armnommu/glue.h'
patching file `include/asm-armnommu/hardirq.h'
patching file `include/asm-armnommu/hardware/amba.h'
patching file `include/asm-armnommu/hardware/amba_kmi.h'
patching file `include/asm-armnommu/hardware/clps7111.h'
patching file `include/asm-armnommu/hardware/cs89712.h'
patching file `include/asm-armnommu/hardware/dec21285.h'
patching file `include/asm-armnommu/hardware/ep7211.h'
patching file `include/asm-armnommu/hardware/ep7212.h'
patching file `include/asm-armnommu/hardware/icst525.h'
patching file `include/asm-armnommu/hardware/ioc.h'
patching file `include/asm-armnommu/hardware/iomd.h'
patching file `include/asm-armnommu/hardware/linkup-l1110.h'
patching file `include/asm-armnommu/hardware/memc.h'
patching file `include/asm-armnommu/hardware/pci_v3.h'
patching file `include/asm-armnommu/hardware/sa1111.h'
patching file `include/asm-armnommu/hardware/serial_amba.h'
patching file `include/asm-armnommu/hardware/ssp.h'
patching file `include/asm-armnommu/hardware/t32.h'
patching file `include/asm-armnommu/hardware.h'
patching file `include/asm-armnommu/hdreg.h'
patching file `include/asm-armnommu/ide.h'
patching file `include/asm-armnommu/io.h'
patching file `include/asm-armnommu/ioctl.h'
patching file `include/asm-armnommu/ioctls.h'
patching file `include/asm-armnommu/ipc.h'
patching file `include/asm-armnommu/ipcbuf.h'
patching file `include/asm-armnommu/irq.h'
patching file `include/asm-armnommu/kmap_types.h'
patching file `include/asm-armnommu/leds.h'
patching file `include/asm-armnommu/limits.h'
patching file `include/asm-armnommu/linkage.h'
patching file `include/asm-armnommu/local.h'
patching file `include/asm-armnommu/locks.h'
patching file `include/asm-armnommu/mach/arch.h'
patching file `include/asm-armnommu/mach/dma.h'
patching file `include/asm-armnommu/mach/flash.h'
patching file `include/asm-armnommu/mach/irq.h'
patching file `include/asm-armnommu/mach/map.h'
patching file `include/asm-armnommu/mach/pci.h'
patching file `include/asm-armnommu/mach/serial_sa1100.h'
patching file `include/asm-armnommu/mach-types.h'
patching file `include/asm-armnommu/mc146818rtc.h'
patching file `include/asm-armnommu/memory.h'
patching file `include/asm-armnommu/mman.h'
patching file `include/asm-armnommu/mmu.h'
patching file `include/asm-armnommu/mmu_context.h'
patching file `include/asm-armnommu/mmzone.h'
patching file `include/asm-armnommu/module.h'
patching file `include/asm-armnommu/msgbuf.h'
patching file `include/asm-armnommu/namei.h'
patching file `include/asm-armnommu/numnodes.h'
patching file `include/asm-armnommu/nwflash.h'
patching file `include/asm-armnommu/page.h'
patching file `include/asm-armnommu/param.h'
patching file `include/asm-armnommu/parport.h'
patching file `include/asm-armnommu/pci.h'
patching file `include/asm-armnommu/percpu.h'
patching file `include/asm-armnommu/pgalloc.h'
patching file `include/asm-armnommu/pgtable.h'
patching file `include/asm-armnommu/poll.h'
patching file `include/asm-armnommu/posix_types.h'
patching file `include/asm-armnommu/proc-fns.h'
patching file `include/asm-armnommu/processor.h'
patching file `include/asm-armnommu/procinfo.h'
patching file `include/asm-armnommu/ptrace.h'
patching file `include/asm-armnommu/resource.h'
patching file `include/asm-armnommu/rmap.h'
patching file `include/asm-armnommu/scatterlist.h'
patching file `include/asm-armnommu/sections.h'
patching file `include/asm-armnommu/segment.h'
patching file `include/asm-armnommu/semaphore-helper.h'
patching file `include/asm-armnommu/semaphore.h'
patching file `include/asm-armnommu/sembuf.h'
patching file `include/asm-armnommu/serial.h'
patching file `include/asm-armnommu/setup.h'
patching file `include/asm-armnommu/shmbuf.h'
patching file `include/asm-armnommu/shmparam.h'
patching file `include/asm-armnommu/sigcontext.h'
patching file `include/asm-armnommu/siginfo.h'
patching file `include/asm-armnommu/signal.h'
patching file `include/asm-armnommu/sizes.h'
patching file `include/asm-armnommu/smp.h'
patching file `include/asm-armnommu/socket.h'
patching file `include/asm-armnommu/sockios.h'
patching file `include/asm-armnommu/spinlock.h'
patching file `include/asm-armnommu/stat.h'
patching file `include/asm-armnommu/statfs.h'
patching file `include/asm-armnommu/string.h'
patching file `include/asm-armnommu/suspend.h'
patching file `include/asm-armnommu/system.h'
patching file `include/asm-armnommu/termbits.h'
patching file `include/asm-armnommu/termios.h'
patching file `include/asm-armnommu/therm.h'
patching file `include/asm-armnommu/thread_info.h'
patching file `include/asm-armnommu/timex.h'
patching file `include/asm-armnommu/tlb.h'
patching file `include/asm-armnommu/tlbflush.h'
patching file `include/asm-armnommu/topology.h'
patching file `include/asm-armnommu/traps.h'
patching file `include/asm-armnommu/types.h'
patching file `include/asm-armnommu/uaccess.h'
patching file `include/asm-armnommu/ucontext.h'
patching file `include/asm-armnommu/unaligned.h'
patching file `include/asm-armnommu/unistd.h'
patching file `include/asm-armnommu/user.h'
patching file `include/asm-armnommu/vga.h'
patching file `include/asm-armnommu/xor.h'
patching file `include/linux/serial_core.h'
patching file `mm/nommu.c'
patching file `mm/page_alloc.c'
